Arguments: 
  C:\Program Files\nodejs\node.exe C:\Users\812ka\AppData\Roaming\npm\node_modules\yarn\bin\yarn.js

PATH: 
  C:\Windows\system32;C:\Windows;C:\Windows\System32\Wbem;C:\Windows\System32\WindowsPowerShell\v1.0\;C:\Windows\System32\OpenSSH\;C:\ProgramData\chocolatey\bin;C:\Program Files\Git\cmd;C:\Program Files\nodejs\;C:\Users\812ka\AppData\Local\Programs\Python\Python310\Scripts\;C:\Users\812ka\AppData\Local\Programs\Python\Python310\;C:\Users\812ka\AppData\Local\Microsoft\WindowsApps;C:\Users\812ka\AppData\Local\Programs\Microsoft VS Code\bin;C:\Users\812ka\AppData\Roaming\npm;C:\Users\812ka\AppData\Local\GitHubDesktop\bin

Yarn version: 
  1.22.19

Node version: 
  16.17.0

Platform: 
  win32 x64

Trace: 
  Error: EPERM: operation not permitted, unlink 'C:\Users\812ka\NFTMarketplace\NFT_MarketPlace\node_modules\@nomicfoundation\solidity-analyzer-win32-x64-msvc\solidity-analyzer.win32-x64-msvc.node'

npm manifest: 
  {
    "name": "nft_marketplace",
    "version": "1.0.0",
    "description": "NFT Marketplace for practicing NFT, Buying, selling, tracking them, testing and auditing",
    "main": "index.js",
    "scripts": {
      "test": "echo \"Error: no test specified\" && exit 1"
    },
    "author": "Kanchan Khatri",
    "license": "ISC",
    "devDependencies": {
      "hardhat": "^2.12.2",
      "hardhat-gas-reporter": "^1.0.9"
    },
    "dependencies": {
      "@nomicfoundation/hardhat-toolbox": "^2.0.0",
      "@nomiclabs/hardhat-waffle": "^2.0.3",
      "@openzeppelin/contracts": "^4.8.0",
      "dotenv": "^16.0.3",
      "ethers": "^5.7.2",
      "install": "^0.13.0",
      "uuid": "^2.0.1"
    }
  }

yarn manifest: 
  No manifest

Lockfile: 
  No lockfile
